<?xml version="1.0" encoding="UTF-8"?>
<robot generator="Robot 4.0.3 (Python 3.7.5 on win32)" generated="20210711 11:02:28.997" rpa="true" schemaversion="2">
<suite id="s1" name="Tasks" source="c:\Users\VINAY\Documents\ROBOT\CertificateTwo\CertificateTwo\tasks.robot">
<test id="s1-t1" name="Order robots from RobotSpareBin Industries Inc">
<kw name="Log In">
<kw name="Open Available Browser" library="RPA.Browser.Selenium">
<arg>https://robotsparebinindustries.com/#/</arg>
<doc>Attempts to open a browser on the user's device from a set of
supported browsers. Automatically downloads a corresponding webdriver
if none is already installed.</doc>
<msg timestamp="20210711 11:02:31.156" level="INFO">Creating an instance of the Chrome WebDriver.</msg>
<msg timestamp="20210711 11:02:31.166" level="INFO">Created download root directory: C:\Users\VINAY\AppData\Local\robocorp\webdrivers</msg>
<msg timestamp="20210711 11:02:31.167" level="INFO">Created symlink directory: C:\Users\VINAY\AppData\Local\robocorp\webdrivers</msg>
<msg timestamp="20210711 11:02:31.167" level="INFO">Creating an instance of the Chrome WebDriver.</msg>
<msg timestamp="20210711 11:02:33.327" level="INFO">Created Chrome browser with arguments: --disable-dev-shm-usage --disable-web-security --allow-running-insecure-content --no-sandbox</msg>
<msg timestamp="20210711 11:02:33.327" level="INFO" html="true">&lt;p&gt;Attempted combinations:&lt;/p&gt;&lt;div class="doc"&gt;&lt;table&gt;&lt;tr&gt;&lt;th&gt;Browser&lt;/th&gt;&lt;th&gt;Download&lt;/th&gt;&lt;th&gt;Error&lt;/th&gt;&lt;/tr&gt;&lt;tr&gt;&lt;td&gt;Chrome&lt;/td&gt;&lt;td&gt;False&lt;/td&gt;&lt;td&gt;Message: 'chromedriver' executable needs to be in PATH. Please see https://sites.google.com/a/chromium.org/chromedriver/home
&lt;/td&gt;&lt;/tr&gt;&lt;tr&gt;&lt;td&gt;Chrome&lt;/td&gt;&lt;td&gt;True&lt;/td&gt;&lt;td&gt;&lt;/td&gt;&lt;/tr&gt;&lt;/table&gt;&lt;/div&gt;</msg>
<msg timestamp="20210711 11:02:33.327" level="INFO">Opening url 'https://robotsparebinindustries.com/#/'</msg>
<status status="PASS" starttime="20210711 11:02:31.155" endtime="20210711 11:02:37.333"/>
</kw>
<kw name="Maximize Browser Window" library="RPA.Browser.Selenium">
<doc>Maximizes current browser window.</doc>
<status status="PASS" starttime="20210711 11:02:37.333" endtime="20210711 11:02:37.451"/>
</kw>
<kw name="Get Secret" library="RPA.Robocloud.Secrets">
<var>${secret}</var>
<arg>credentials</arg>
<doc>Read a secret from the configured source, e.g. Robocloud Vault,
and return it as a ``Secret`` object.</doc>
<msg timestamp="20210711 11:02:37.452" level="INFO">Protecting keyword: RPA.Robocloud.Secrets.Get Secret</msg>
<msg timestamp="20210711 11:02:37.454" level="INFO">Log level changed from NONE to INFO.</msg>
<status status="FAIL" starttime="20210711 11:02:37.451" endtime="20210711 11:02:37.454"/>
</kw>
<kw name="Input Text" library="RPA.Browser.Selenium">
<arg>id:username</arg>
<arg>${secret}[username]</arg>
<doc>Types the given ``text`` into the text field identified by ``locator``.</doc>
<status status="NOT RUN" starttime="20210711 11:02:37.456" endtime="20210711 11:02:37.456"/>
</kw>
<kw name="Input Password" library="RPA.Browser.Selenium">
<arg>id:password</arg>
<arg>${secret}[password]</arg>
<doc>Types the given password into the text field identified by ``locator``.</doc>
<status status="NOT RUN" starttime="20210711 11:02:37.456" endtime="20210711 11:02:37.456"/>
</kw>
<kw name="Submit Form" library="RPA.Browser.Selenium">
<doc>Submits a form identified by ``locator``.</doc>
<status status="NOT RUN" starttime="20210711 11:02:37.456" endtime="20210711 11:02:37.456"/>
</kw>
<kw name="Wait Until Page Contains Element" library="RPA.Browser.Selenium">
<arg>id:sales-form</arg>
<doc>Waits until the element ``locator`` appears on the current page.</doc>
<status status="NOT RUN" starttime="20210711 11:02:37.456" endtime="20210711 11:02:37.456"/>
</kw>
<status status="FAIL" starttime="20210711 11:02:31.154" endtime="20210711 11:02:37.457"/>
</kw>
<kw name="Open the robot order website">
<status status="NOT RUN" starttime="20210711 11:02:37.457" endtime="20210711 11:02:37.457"/>
</kw>
<kw name="Get orders">
<var>${orders}</var>
<status status="NOT RUN" starttime="20210711 11:02:37.457" endtime="20210711 11:02:37.457"/>
</kw>
<for flavor="IN">
<var>${row}</var>
<value>@{orders}</value>
<iter>
<var name="${row}">${row}</var>
<kw name="Close the annoying modal">
<status status="NOT RUN" starttime="20210711 11:02:37.458" endtime="20210711 11:02:37.458"/>
</kw>
<kw name="Fill the form">
<arg>${row}</arg>
<status status="NOT RUN" starttime="20210711 11:02:37.458" endtime="20210711 11:02:37.458"/>
</kw>
<kw name="Preview the robot">
<status status="NOT RUN" starttime="20210711 11:02:37.458" endtime="20210711 11:02:37.459"/>
</kw>
<kw name="Submit the order">
<status status="NOT RUN" starttime="20210711 11:02:37.459" endtime="20210711 11:02:37.459"/>
</kw>
<kw name="Store the receipt as a PDF file">
<var>${pdf}</var>
<arg>${row}[Order number]</arg>
<status status="NOT RUN" starttime="20210711 11:02:37.459" endtime="20210711 11:02:37.459"/>
</kw>
<kw name="Take a screenshot of the robot">
<var>${screenshot}</var>
<arg>${row}[Order number]</arg>
<status status="NOT RUN" starttime="20210711 11:02:37.459" endtime="20210711 11:02:37.460"/>
</kw>
<kw name="Embed the robot screenshot to the receipt PDF file">
<arg>${screenshot}</arg>
<arg>${pdf}</arg>
<status status="NOT RUN" starttime="20210711 11:02:37.460" endtime="20210711 11:02:37.460"/>
</kw>
<kw name="Go to order another robot">
<status status="NOT RUN" starttime="20210711 11:02:37.460" endtime="20210711 11:02:37.461"/>
</kw>
<status status="NOT RUN" starttime="20210711 11:02:37.458" endtime="20210711 11:02:37.461"/>
</iter>
<status status="NOT RUN" starttime="20210711 11:02:37.458" endtime="20210711 11:02:37.461"/>
</for>
<kw name="Create a ZIP file of the receipts">
<status status="NOT RUN" starttime="20210711 11:02:37.461" endtime="20210711 11:02:37.462"/>
</kw>
<status status="FAIL" starttime="20210711 11:02:31.153" endtime="20210711 11:02:37.463">KeyError: 'Missing required environment variable: RC_API_SECRET_HOST'</status>
</test>
<doc>Orders robots from RobotSpareBin Industries Inc.
Saves the order HTML receipt as a PDF file.
Saves the screenshot of the ordered robot.
Embeds the screenshot of the robot to the PDF receipt.
Creates ZIP archive of the receipts and the images.</doc>
<status status="FAIL" starttime="20210711 11:02:29.003" endtime="20210711 11:02:37.465"/>
</suite>
<statistics>
<total>
<stat pass="0" fail="1" skip="0">All Tasks</stat>
</total>
<tag>
</tag>
<suite>
<stat pass="0" fail="1" skip="0" id="s1" name="Tasks">Tasks</stat>
</suite>
</statistics>
<errors>
</errors>
</robot>
